0 info it worked if it ends with ok
1 verbose cli [ '/usr/bin/nodejs', '/usr/bin/npm', 'run', 'server' ]
2 info using npm@3.5.2
3 info using node@v4.2.6
4 verbose run-script [ 'preserver', 'server', 'postserver' ]
5 info lifecycle ps-backend@0.1.0~preserver: ps-backend@0.1.0
6 silly lifecycle ps-backend@0.1.0~preserver: no script for preserver, continuing
7 info lifecycle ps-backend@0.1.0~server: ps-backend@0.1.0
8 verbose lifecycle ps-backend@0.1.0~server: unsafe-perm in lifecycle true
9 verbose lifecycle ps-backend@0.1.0~server: PATH: /usr/share/npm/bin/node-gyp-bin:/mnt/s/projects/ps/node_modules/.bin:/home/brian/.rbenv/shims:/usr/local/sbin:/usr/local/bin:/usr/sbin:/usr/bin:/sbin:/bin:/usr/games:/usr/local/games:/mnt/c/Program Files (x86)/Common Files/Intel/Shared Libraries/redist/intel64/compiler:/mnt/c/Program Files/Microsoft MPI/Bin:/mnt/c/Windows/System32:/mnt/c/Windows:/mnt/c/Windows/System32/wbem:/mnt/c/Windows/System32/WindowsPowerShell/v1.0:/mnt/c/Program Files/dotnet:/mnt/c/Program Files/Microsoft SQL Server/130/Tools/Binn:/mnt/c/Program Files/Microsoft VS Code/bin:/mnt/c/Windows/System32/OpenSSH:/mnt/c/GAM:/mnt/c/Program Files (x86)/Intel/Intel(R) Management Engine Components/DAL:/mnt/c/Program Files/Intel/Intel(R) Management Engine Components/DAL:/mnt/c/Program Files/Git/cmd:/mnt/c/Program Files/Intel/WiFi/bin:/mnt/c/Program Files/Common Files/Intel/WirelessCommon:/mnt/c/Users/i846372/AppData/Local/Amazon/Kindle Previewer 3/lib/fc/bin:/mnt/c/ProgramData/chocolatey/bin:/mnt/c/Go/bin:/mnt/c/Program Files/nodejs:/mnt/c/Users/i846372/AppData/Local/Microsoft/WindowsApps:/mnt/c/Program Files/Microsoft VS Code/bin:/mnt/c/Users/i846372/AppData/Local/GitHubDesktop/bin:/mnt/c/Users/i846372/AppData/Local/Microsoft/WindowsApps:/mnt/c/Users/i846372/AppData/Roaming/Amazon:/mnt/c/Program Files/Intel/WiFi/bin:/mnt/c/Program Files/Common Files/Intel/WirelessCommon:/mnt/c/Users/i846372/AppData/Local/Amazon/Kindle Previewer 3/lib/fc/bin:/mnt/c/Users/i846372/go/bin:/mnt/c/Users/i846372/AppData/Roaming/npm:/snap/bin
10 verbose lifecycle ps-backend@0.1.0~server: CWD: /mnt/s/projects/ps
11 silly lifecycle ps-backend@0.1.0~server: Args: [ '-c', 'nodemon server' ]
12 info lifecycle ps-backend@0.1.0~server: Failed to exec server script
13 verbose stack Error: ps-backend@0.1.0 server: `nodemon server`
13 verbose stack spawn ENOENT
13 verbose stack     at ChildProcess.<anonymous> (/usr/share/npm/lib/utils/spawn.js:17:16)
13 verbose stack     at emitTwo (events.js:87:13)
13 verbose stack     at ChildProcess.emit (events.js:172:7)
13 verbose stack     at maybeClose (internal/child_process.js:821:16)
13 verbose stack     at Process.ChildProcess._handle.onexit (internal/child_process.js:211:5)
14 verbose pkgid ps-backend@0.1.0
15 verbose cwd /mnt/s/projects/ps
16 error Linux 4.4.0-17763-Microsoft
17 error argv "/usr/bin/nodejs" "/usr/bin/npm" "run" "server"
18 error node v4.2.6
19 error npm  v3.5.2
20 error file sh
21 error code ELIFECYCLE
22 error errno ENOENT
23 error syscall spawn
24 error ps-backend@0.1.0 server: `nodemon server`
24 error spawn ENOENT
25 error Failed at the ps-backend@0.1.0 server script 'nodemon server'.
25 error Make sure you have the latest version of node.js and npm installed.
25 error If you do, this is most likely a problem with the ps-backend package,
25 error not with npm itself.
25 error Tell the author that this fails on your system:
25 error     nodemon server
25 error You can get information on how to open an issue for this project with:
25 error     npm bugs ps-backend
25 error Or if that isn't available, you can get their info via:
25 error     npm owner ls ps-backend
25 error There is likely additional logging output above.
26 verbose exit [ 1, true ]
